<?xml version="1.0" encoding="UTF-8"?>
<!-- Generated by org.testng.reporters.JUnitReportReporter -->
<testsuite skipped="0" hostname="ShantanuPau_410" name="test.GoogleSearchPageTest_TestNG" tests="1" failures="0" timestamp="2019-09-30T16:25:43 BDT" time="5.938" errors="0">
  <testcase name="googleSearchTest" time="5.938" classname="test.GoogleSearchPageTest_TestNG"/>
</testsuite> <!-- test.GoogleSearchPageTest_TestNG -->
