<?xml version="1.0" encoding="UTF-8"?>
<!-- Generated by org.testng.reporters.JUnitReportReporter -->
<testsuite skipped="0" hostname="ShantanuPau_410" name="test.TestNG_Demo" tests="1" failures="0" timestamp="2019-09-30T16:45:27 BDT" time="7.525" errors="0">
  <testcase name="googleSearchTest" time="7.525" classname="test.TestNG_Demo"/>
</testsuite> <!-- test.TestNG_Demo -->
